<?xml version="1.0" encoding="UTF-8"?>
<!-- Generated by org.testng.reporters.JUnitReportReporter -->
<testsuite hostname="DESKTOP-SV17MOP" failures="0" tests="3" name="TestScript.DynamicJSON" time="2.152" errors="0" timestamp="2024-10-19T11:38:52 IST" skipped="0">
  <testcase classname="TestScript.DynamicJSON" name="addBook" time="1.802"/>
  <testcase classname="TestScript.DynamicJSON" name="addBook" time="0.162"/>
  <testcase classname="TestScript.DynamicJSON" name="addBook" time="0.188"/>
</testsuite> <!-- TestScript.DynamicJSON -->
